# JRE version: Java(TM) SE Runtime Environment (8.0_45-b15) (build 1.8.0_45-b15)
# Java VM: Java HotSpot(TM) 64-Bit Server VM (25.45-b02 mixed mode windows-amd64 compressed oops)
Heap:
 PSYoungGen      total 132608K, used 113425K [0x00000000e0000000, 0x00000000eb100000, 0x0000000100000000)
  eden space 121344K, 89% used [0x00000000e0000000,0x00000000e6a3c6a0,0x00000000e7680000)
  from space 11264K, 41% used [0x00000000e7680000,0x00000000e7b08000,0x00000000e8180000)
  to   space 11264K, 0% used [0x00000000ea600000,0x00000000ea600000,0x00000000eb100000)
 ParOldGen       total 89600K, used 24265K [0x00000000a0000000, 0x00000000a5780000, 0x00000000e0000000)
  object space 89600K, 27% used [0x00000000a0000000,0x00000000a17b2480,0x00000000a5780000)
 Metaspace       used 45877K, capacity 47138K, committed 47360K, reserved 1089536K
  class space    used 6285K, capacity 6563K, committed 6656K, reserved 1048576K
GC Heap History (10 events):
Event: 22.216 GC heap before
{Heap before GC invocations=9 (full 1):
 PSYoungGen      total 63488K, used 59095K [0x00000000e0000000, 0x00000000e6b00000, 0x0000000100000000)
  eden space 52736K, 100% used [0x00000000e0000000,0x00000000e3380000,0x00000000e3380000)
  from space 10752K, 59% used [0x00000000e3380000,0x00000000e39b5d50,0x00000000e3e00000)
  to   space 10240K, 0% used [0x00000000e6100000,0x00000000e6100000,0x00000000e6b00000)
 ParOldGen       total 62976K, used 9421K [0x00000000a0000000, 0x00000000a3d80000, 0x00000000e0000000)
  object space 62976K, 14% used [0x00000000a0000000,0x00000000a0933610,0x00000000a3d80000)
 Metaspace       used 29484K, capacity 30096K, committed 30464K, reserved 1075200K
  class space    used 4103K, capacity 4265K, committed 4352K, reserved 1048576K
Event: 22.224 GC heap after
Heap after GC invocations=9 (full 1):
 PSYoungGen      total 93184K, used 5684K [0x00000000e0000000, 0x00000000e6780000, 0x0000000100000000)
  eden space 86528K, 0% used [0x00000000e0000000,0x00000000e0000000,0x00000000e5480000)
  from space 6656K, 85% used [0x00000000e6100000,0x00000000e668d030,0x00000000e6780000)
  to   space 9728K, 0% used [0x00000000e5480000,0x00000000e5480000,0x00000000e5e00000)
 ParOldGen       total 62976K, used 9429K [0x00000000a0000000, 0x00000000a3d80000, 0x00000000e0000000)
  object space 62976K, 14% used [0x00000000a0000000,0x00000000a0935610,0x00000000a3d80000)
 Metaspace       used 29484K, capacity 30096K, committed 30464K, reserved 1075200K
  class space    used 4103K, capacity 4265K, committed 4352K, reserved 1048576K
}
Event: 23.154 GC heap before
{Heap before GC invocations=10 (full 1):
 PSYoungGen      total 93184K, used 74979K [0x00000000e0000000, 0x00000000e6780000, 0x0000000100000000)
  eden space 86528K, 80% used [0x00000000e0000000,0x00000000e43abd40,0x00000000e5480000)
  from space 6656K, 85% used [0x00000000e6100000,0x00000000e668d030,0x00000000e6780000)
  to   space 9728K, 0% used [0x00000000e5480000,0x00000000e5480000,0x00000000e5e00000)
 ParOldGen       total 62976K, used 9429K [0x00000000a0000000, 0x00000000a3d80000, 0x00000000e0000000)
  object space 62976K, 14% used [0x00000000a0000000,0x00000000a0935610,0x00000000a3d80000)
 Metaspace       used 34549K, capacity 35272K, committed 35456K, reserved 1079296K
  class space    used 4757K, capacity 4949K, committed 4992K, reserved 1048576K
Event: 23.178 GC heap after
Heap after GC invocations=10 (full 1):
 PSYoungGen      total 96256K, used 8241K [0x00000000e0000000, 0x00000000e8d80000, 0x0000000100000000)
  eden space 86528K, 0% used [0x00000000e0000000,0x00000000e0000000,0x00000000e5480000)
  from space 9728K, 84% used [0x00000000e5480000,0x00000000e5c8c6c8,0x00000000e5e00000)
  to   space 10240K, 0% used [0x00000000e8380000,0x00000000e8380000,0x00000000e8d80000)
 ParOldGen       total 62976K, used 12081K [0x00000000a0000000, 0x00000000a3d80000, 0x00000000e0000000)
  object space 62976K, 19% used [0x00000000a0000000,0x00000000a0bcc630,0x00000000a3d80000)
 Metaspace       used 34549K, capacity 35272K, committed 35456K, reserved 1079296K
  class space    used 4757K, capacity 4949K, committed 4992K, reserved 1048576K
}
Event: 23.178 GC heap before
{Heap before GC invocations=11 (full 2):
 PSYoungGen      total 96256K, used 8241K [0x00000000e0000000, 0x00000000e8d80000, 0x0000000100000000)
  eden space 86528K, 0% used [0x00000000e0000000,0x00000000e0000000,0x00000000e5480000)
  from space 9728K, 84% used [0x00000000e5480000,0x00000000e5c8c6c8,0x00000000e5e00000)
  to   space 10240K, 0% used [0x00000000e8380000,0x00000000e8380000,0x00000000e8d80000)
 ParOldGen       total 62976K, used 12081K [0x00000000a0000000, 0x00000000a3d80000, 0x00000000e0000000)
  object space 62976K, 19% used [0x00000000a0000000,0x00000000a0bcc630,0x00000000a3d80000)
 Metaspace       used 34549K, capacity 35272K, committed 35456K, reserved 1079296K
  class space    used 4757K, capacity 4949K, committed 4992K, reserved 1048576K
Event: 23.256 GC heap after
Heap after GC invocations=11 (full 2):
 PSYoungGen      total 96256K, used 0K [0x00000000e0000000, 0x00000000e8d80000, 0x0000000100000000)
  eden space 86528K, 0% used [0x00000000e0000000,0x00000000e0000000,0x00000000e5480000)
  from space 9728K, 0% used [0x00000000e5480000,0x00000000e5480000,0x00000000e5e00000)
  to   space 10240K, 0% used [0x00000000e8380000,0x00000000e8380000,0x00000000e8d80000)
 ParOldGen       total 89600K, used 18346K [0x00000000a0000000, 0x00000000a5780000, 0x00000000e0000000)
  object space 89600K, 20% used [0x00000000a0000000,0x00000000a11eab90,0x00000000a5780000)
 Metaspace       used 34549K, capacity 35272K, committed 35456K, reserved 1079296K
  class space    used 4757K, capacity 4949K, committed 4992K, reserved 1048576K
}
Event: 24.828 GC heap before
{Heap before GC invocations=12 (full 2):
 PSYoungGen      total 96256K, used 86528K [0x00000000e0000000, 0x00000000e8d80000, 0x0000000100000000)
  eden space 86528K, 100% used [0x00000000e0000000,0x00000000e5480000,0x00000000e5480000)
  from space 9728K, 0% used [0x00000000e5480000,0x00000000e5480000,0x00000000e5e00000)
  to   space 10240K, 0% used [0x00000000e8380000,0x00000000e8380000,0x00000000e8d80000)
 ParOldGen       total 89600K, used 18346K [0x00000000a0000000, 0x00000000a5780000, 0x00000000e0000000)
  object space 89600K, 20% used [0x00000000a0000000,0x00000000a11eab90,0x00000000a5780000)
 Metaspace       used 42082K, capacity 42974K, committed 43136K, reserved 1087488K
  class space    used 5771K, capacity 5965K, committed 6016K, reserved 1048576K
Event: 24.836 GC heap after
Heap after GC invocations=12 (full 2):
 PSYoungGen      total 125952K, used 9179K [0x00000000e0000000, 0x00000000e8c80000, 0x0000000100000000)
  eden space 116736K, 0% used [0x00000000e0000000,0x00000000e0000000,0x00000000e7200000)
  from space 9216K, 99% used [0x00000000e8380000,0x00000000e8c76e10,0x00000000e8c80000)
  to   space 11264K, 0% used [0x00000000e7680000,0x00000000e7680000,0x00000000e8180000)
 ParOldGen       total 89600K, used 18354K [0x00000000a0000000, 0x00000000a5780000, 0x00000000e0000000)
  object space 89600K, 20% used [0x00000000a0000000,0x00000000a11ecb90,0x00000000a5780000)
 Metaspace       used 42082K, capacity 42974K, committed 43136K, reserved 1087488K
  class space    used 5771K, capacity 5965K, committed 6016K, reserved 1048576K
}
Event: 25.330 GC heap before
{Heap before GC invocations=13 (full 2):
 PSYoungGen      total 125952K, used 125915K [0x00000000e0000000, 0x00000000e8c80000, 0x0000000100000000)
  eden space 116736K, 100% used [0x00000000e0000000,0x00000000e7200000,0x00000000e7200000)
  from space 9216K, 99% used [0x00000000e8380000,0x00000000e8c76e10,0x00000000e8c80000)
  to   space 11264K, 0% used [0x00000000e7680000,0x00000000e7680000,0x00000000e8180000)
 ParOldGen       total 89600K, used 18354K [0x00000000a0000000, 0x00000000a5780000, 0x00000000e0000000)
  object space 89600K, 20% used [0x00000000a0000000,0x00000000a11ecb90,0x00000000a5780000)
 Metaspace       used 42525K, capacity 43392K, committed 43648K, reserved 1087488K
  class space    used 5784K, capacity 5970K, committed 6016K, reserved 1048576K
Event: 25.338 GC heap after
Heap after GC invocations=13 (full 2):
 PSYoungGen      total 132608K, used 4640K [0x00000000e0000000, 0x00000000eb100000, 0x0000000100000000)
  eden space 121344K, 0% used [0x00000000e0000000,0x00000000e0000000,0x00000000e7680000)
  from space 11264K, 41% used [0x00000000e7680000,0x00000000e7b08000,0x00000000e8180000)
  to   space 11264K, 0% used [0x00000000ea600000,0x00000000ea600000,0x00000000eb100000)
 ParOldGen       total 89600K, used 24265K [0x00000000a0000000, 0x00000000a5780000, 0x00000000e0000000)
  object space 89600K, 27% used [0x00000000a0000000,0x00000000a17b2480,0x00000000a5780000)
 Metaspace       used 42525K, capacity 43392K, committed 43648K, reserved 1087488K
  class space    used 5784K, capacity 5970K, committed 6016K, reserved 1048576K
}

