# JRE version: Java(TM) SE Runtime Environment (8.0_45-b15) (build 1.8.0_45-b15)
# Java VM: Java HotSpot(TM) 64-Bit Server VM (25.45-b02 mixed mode windows-amd64 compressed oops)
Heap:
 PSYoungGen      total 200704K, used 91270K [0x00000000e0000000, 0x00000000f0880000, 0x0000000100000000)
  eden space 179200K, 45% used [0x00000000e0000000,0x00000000e4f12758,0x00000000eaf00000)
  from space 21504K, 47% used [0x00000000eaf00000,0x00000000eb90f0d8,0x00000000ec400000)
  to   space 20992K, 0% used [0x00000000ef400000,0x00000000ef400000,0x00000000f0880000)
 ParOldGen       total 92672K, used 42316K [0x00000000a0000000, 0x00000000a5a80000, 0x00000000e0000000)
  object space 92672K, 45% used [0x00000000a0000000,0x00000000a29531a0,0x00000000a5a80000)
 Metaspace       used 57070K, capacity 59428K, committed 59648K, reserved 1099776K
  class space    used 7835K, capacity 8335K, committed 8448K, reserved 1048576K
GC Heap History (10 events):
Event: 30.281 GC heap before
{Heap before GC invocations=12 (full 2):
 PSYoungGen      total 143360K, used 142867K [0x00000000e0000000, 0x00000000ec700000, 0x0000000100000000)
  eden space 131584K, 100% used [0x00000000e0000000,0x00000000e8080000,0x00000000e8080000)
  from space 11776K, 95% used [0x00000000e8080000,0x00000000e8b84c60,0x00000000e8c00000)
  to   space 12800K, 0% used [0x00000000eba80000,0x00000000eba80000,0x00000000ec700000)
 ParOldGen       total 92672K, used 16066K [0x00000000a0000000, 0x00000000a5a80000, 0x00000000e0000000)
  object space 92672K, 17% used [0x00000000a0000000,0x00000000a0fb0828,0x00000000a5a80000)
 Metaspace       used 48357K, capacity 49666K, committed 49920K, reserved 1091584K
  class space    used 6584K, capacity 6873K, committed 6912K, reserved 1048576K
Event: 30.327 GC heap after
Heap after GC invocations=12 (full 2):
 PSYoungGen      total 187392K, used 12789K [0x00000000e0000000, 0x00000000ece00000, 0x0000000100000000)
  eden space 174592K, 0% used [0x00000000e0000000,0x00000000e0000000,0x00000000eaa80000)
  from space 12800K, 99% used [0x00000000eba80000,0x00000000ec6fd698,0x00000000ec700000)
  to   space 16384K, 0% used [0x00000000eaa80000,0x00000000eaa80000,0x00000000eba80000)
 ParOldGen       total 92672K, used 21375K [0x00000000a0000000, 0x00000000a5a80000, 0x00000000e0000000)
  object space 92672K, 23% used [0x00000000a0000000,0x00000000a14dfe90,0x00000000a5a80000)
 Metaspace       used 48357K, capacity 49666K, committed 49920K, reserved 1091584K
  class space    used 6584K, capacity 6873K, committed 6912K, reserved 1048576K
}
Event: 32.424 GC heap before
{Heap before GC invocations=13 (full 2):
 PSYoungGen      total 187392K, used 140986K [0x00000000e0000000, 0x00000000ece00000, 0x0000000100000000)
  eden space 174592K, 73% used [0x00000000e0000000,0x00000000e7d31218,0x00000000eaa80000)
  from space 12800K, 99% used [0x00000000eba80000,0x00000000ec6fd698,0x00000000ec700000)
  to   space 16384K, 0% used [0x00000000eaa80000,0x00000000eaa80000,0x00000000eba80000)
 ParOldGen       total 92672K, used 21375K [0x00000000a0000000, 0x00000000a5a80000, 0x00000000e0000000)
  object space 92672K, 23% used [0x00000000a0000000,0x00000000a14dfe90,0x00000000a5a80000)
 Metaspace       used 52242K, capacity 54272K, committed 54400K, reserved 1095680K
  class space    used 7273K, capacity 7749K, committed 7808K, reserved 1048576K
Event: 32.476 GC heap after
Heap after GC invocations=13 (full 2):
 PSYoungGen      total 190976K, used 16378K [0x00000000e0000000, 0x00000000eda00000, 0x0000000100000000)
  eden space 174592K, 0% used [0x00000000e0000000,0x00000000e0000000,0x00000000eaa80000)
  from space 16384K, 99% used [0x00000000eaa80000,0x00000000eba7ebe0,0x00000000eba80000)
  to   space 22528K, 0% used [0x00000000ec400000,0x00000000ec400000,0x00000000eda00000)
 ParOldGen       total 92672K, used 33434K [0x00000000a0000000, 0x00000000a5a80000, 0x00000000e0000000)
  object space 92672K, 36% used [0x00000000a0000000,0x00000000a20a6bb0,0x00000000a5a80000)
 Metaspace       used 52242K, capacity 54272K, committed 54400K, reserved 1095680K
  class space    used 7273K, capacity 7749K, committed 7808K, reserved 1048576K
}
Event: 32.476 GC heap before
{Heap before GC invocations=14 (full 3):
 PSYoungGen      total 190976K, used 16378K [0x00000000e0000000, 0x00000000eda00000, 0x0000000100000000)
  eden space 174592K, 0% used [0x00000000e0000000,0x00000000e0000000,0x00000000eaa80000)
  from space 16384K, 99% used [0x00000000eaa80000,0x00000000eba7ebe0,0x00000000eba80000)
  to   space 22528K, 0% used [0x00000000ec400000,0x00000000ec400000,0x00000000eda00000)
 ParOldGen       total 92672K, used 33434K [0x00000000a0000000, 0x00000000a5a80000, 0x00000000e0000000)
  object space 92672K, 36% used [0x00000000a0000000,0x00000000a20a6bb0,0x00000000a5a80000)
 Metaspace       used 52242K, capacity 54272K, committed 54400K, reserved 1095680K
  class space    used 7273K, capacity 7749K, committed 7808K, reserved 1048576K
Event: 32.751 GC heap after
Heap after GC invocations=14 (full 3):
 PSYoungGen      total 190976K, used 0K [0x00000000e0000000, 0x00000000eda00000, 0x0000000100000000)
  eden space 174592K, 0% used [0x00000000e0000000,0x00000000e0000000,0x00000000eaa80000)
  from space 16384K, 0% used [0x00000000eaa80000,0x00000000eaa80000,0x00000000eba80000)
  to   space 22528K, 0% used [0x00000000ec400000,0x00000000ec400000,0x00000000eda00000)
 ParOldGen       total 92672K, used 42300K [0x00000000a0000000, 0x00000000a5a80000, 0x00000000e0000000)
  object space 92672K, 45% used [0x00000000a0000000,0x00000000a294f1a0,0x00000000a5a80000)
 Metaspace       used 52242K, capacity 54272K, committed 54400K, reserved 1095680K
  class space    used 7273K, capacity 7749K, committed 7808K, reserved 1048576K
}
Event: 39.834 GC heap before
{Heap before GC invocations=15 (full 3):
 PSYoungGen      total 190976K, used 174592K [0x00000000e0000000, 0x00000000eda00000, 0x0000000100000000)
  eden space 174592K, 100% used [0x00000000e0000000,0x00000000eaa80000,0x00000000eaa80000)
  from space 16384K, 0% used [0x00000000eaa80000,0x00000000eaa80000,0x00000000eba80000)
  to   space 22528K, 0% used [0x00000000ec400000,0x00000000ec400000,0x00000000eda00000)
 ParOldGen       total 92672K, used 42300K [0x00000000a0000000, 0x00000000a5a80000, 0x00000000e0000000)
  object space 92672K, 45% used [0x00000000a0000000,0x00000000a294f1a0,0x00000000a5a80000)
 Metaspace       used 54977K, capacity 57156K, committed 57216K, reserved 1097728K
  class space    used 7570K, capacity 8015K, committed 8064K, reserved 1048576K
Event: 39.846 GC heap after
Heap after GC invocations=15 (full 3):
 PSYoungGen      total 201728K, used 9542K [0x00000000e0000000, 0x00000000f0a80000, 0x0000000100000000)
  eden space 179200K, 0% used [0x00000000e0000000,0x00000000e0000000,0x00000000eaf00000)
  from space 22528K, 42% used [0x00000000ec400000,0x00000000ecd51aa8,0x00000000eda00000)
  to   space 21504K, 0% used [0x00000000eaf00000,0x00000000eaf00000,0x00000000ec400000)
 ParOldGen       total 92672K, used 42308K [0x00000000a0000000, 0x00000000a5a80000, 0x00000000e0000000)
  object space 92672K, 45% used [0x00000000a0000000,0x00000000a29511a0,0x00000000a5a80000)
 Metaspace       used 54977K, capacity 57156K, committed 57216K, reserved 1097728K
  class space    used 7570K, capacity 8015K, committed 8064K, reserved 1048576K
}
Event: 70.549 GC heap before
{Heap before GC invocations=16 (full 3):
 PSYoungGen      total 201728K, used 188742K [0x00000000e0000000, 0x00000000f0a80000, 0x0000000100000000)
  eden space 179200K, 100% used [0x00000000e0000000,0x00000000eaf00000,0x00000000eaf00000)
  from space 22528K, 42% used [0x00000000ec400000,0x00000000ecd51aa8,0x00000000eda00000)
  to   space 21504K, 0% used [0x00000000eaf00000,0x00000000eaf00000,0x00000000ec400000)
 ParOldGen       total 92672K, used 42308K [0x00000000a0000000, 0x00000000a5a80000, 0x00000000e0000000)
  object space 92672K, 45% used [0x00000000a0000000,0x00000000a29511a0,0x00000000a5a80000)
 Metaspace       used 55848K, capacity 58110K, committed 58368K, reserved 1099776K
  class space    used 7663K, capacity 8144K, committed 8192K, reserved 1048576K
Event: 70.581 GC heap after
Heap after GC invocations=16 (full 3):
 PSYoungGen      total 200704K, used 10300K [0x00000000e0000000, 0x00000000f0880000, 0x0000000100000000)
  eden space 179200K, 0% used [0x00000000e0000000,0x00000000e0000000,0x00000000eaf00000)
  from space 21504K, 47% used [0x00000000eaf00000,0x00000000eb90f0d8,0x00000000ec400000)
  to   space 20992K, 0% used [0x00000000ef400000,0x00000000ef400000,0x00000000f0880000)
 ParOldGen       total 92672K, used 42316K [0x00000000a0000000, 0x00000000a5a80000, 0x00000000e0000000)
  object space 92672K, 45% used [0x00000000a0000000,0x00000000a29531a0,0x00000000a5a80000)
 Metaspace       used 55848K, capacity 58110K, committed 58368K, reserved 1099776K
  class space    used 7663K, capacity 8144K, committed 8192K, reserved 1048576K
}

